# JRE version: Java(TM) SE Runtime Environment (18.0.2.1+1) (build 18.0.2.1+1-1)
# Java VM: Java HotSpot(TM) 64-Bit Server VM (18.0.2.1+1-1, mixed mode, sharing, tiered, compressed oops, compressed class ptrs, g1 gc, windows-amd64)
GC Precious Log:
 CardTable entry size: 512
 Card Set container configuration: InlinePtr #cards 5 size 8 Array Of Cards #cards 12 size 40 Howl #buckets 4 coarsen threshold 1843 Howl Bitmap #cards 512 size 80 coarsen threshold 460 Card regions per heap region 1 cards per card region 2048
 CPUs: 12 total, 12 available
 Memory: 7514M
 Large Page Support: Disabled
 NUMA Support: Disabled
 Compressed Oops: Enabled (32-bit)
 Heap Region Size: 1M
 Heap Min Capacity: 8M
 Heap Initial Capacity: 118M
 Heap Max Capacity: 2G
 Pre-touch: Disabled
 Parallel Workers: 10
 Concurrent Workers: 3
 Concurrent Refinement Workers: 10
 Periodic GC: Disabled
Heap:
 garbage-first heap   total 319488K, used 201161K [0x0000000080000000, 0x0000000100000000)
  region size 1024K, 54 young (55296K), 10 survivors (10240K)
 Metaspace       used 102479K, committed 104832K, reserved 552960K
  class space    used 14327K, committed 15552K, reserved 421888K
GC Heap History (20 events):
Event: 21.006 GC heap before
{Heap before GC invocations=44 (full 0):
 garbage-first heap   total 162816K, used 123303K [0x0000000080000000, 0x0000000100000000)
  region size 1024K, 37 young (37888K), 2 survivors (2048K)
 Metaspace       used 78855K, committed 80832K, reserved 552960K
  class space    used 10981K, committed 12032K, reserved 421888K
}
Event: 21.010 GC heap after
{Heap after GC invocations=45 (full 0):
 garbage-first heap   total 162816K, used 88891K [0x0000000080000000, 0x0000000100000000)
  region size 1024K, 4 young (4096K), 4 survivors (4096K)
 Metaspace       used 78855K, committed 80832K, reserved 552960K
  class space    used 10981K, committed 12032K, reserved 421888K
}
Event: 21.039 GC heap before
{Heap before GC invocations=45 (full 0):
 garbage-first heap   total 162816K, used 91963K [0x0000000080000000, 0x0000000100000000)
  region size 1024K, 7 young (7168K), 4 survivors (4096K)
 Metaspace       used 79060K, committed 81024K, reserved 552960K
  class space    used 11008K, committed 12032K, reserved 421888K
}
Event: 21.043 GC heap after
{Heap after GC invocations=46 (full 0):
 garbage-first heap   total 162816K, used 89413K [0x0000000080000000, 0x0000000100000000)
  region size 1024K, 1 young (1024K), 1 survivors (1024K)
 Metaspace       used 79060K, committed 81024K, reserved 552960K
  class space    used 11008K, committed 12032K, reserved 421888K
}
Event: 21.375 GC heap before
{Heap before GC invocations=46 (full 0):
 garbage-first heap   total 162816K, used 127301K [0x0000000080000000, 0x0000000100000000)
  region size 1024K, 38 young (38912K), 1 survivors (1024K)
 Metaspace       used 79700K, committed 81728K, reserved 552960K
  class space    used 11113K, committed 12160K, reserved 421888K
}
Event: 21.379 GC heap after
{Heap after GC invocations=47 (full 0):
 garbage-first heap   total 162816K, used 91901K [0x0000000080000000, 0x0000000100000000)
  region size 1024K, 4 young (4096K), 4 survivors (4096K)
 Metaspace       used 79700K, committed 81728K, reserved 552960K
  class space    used 11113K, committed 12160K, reserved 421888K
}
Event: 24.836 GC heap before
{Heap before GC invocations=48 (full 0):
 garbage-first heap   total 167936K, used 128765K [0x0000000080000000, 0x0000000100000000)
  region size 1024K, 40 young (40960K), 4 survivors (4096K)
 Metaspace       used 81372K, committed 83456K, reserved 552960K
  class space    used 11346K, committed 12416K, reserved 421888K
}
Event: 24.841 GC heap after
{Heap after GC invocations=49 (full 0):
 garbage-first heap   total 167936K, used 94402K [0x0000000080000000, 0x0000000100000000)
  region size 1024K, 3 young (3072K), 3 survivors (3072K)
 Metaspace       used 81372K, committed 83456K, reserved 552960K
  class space    used 11346K, committed 12416K, reserved 421888K
}
Event: 24.913 GC heap before
{Heap before GC invocations=49 (full 0):
 garbage-first heap   total 167936K, used 99522K [0x0000000080000000, 0x0000000100000000)
  region size 1024K, 8 young (8192K), 3 survivors (3072K)
 Metaspace       used 81674K, committed 83776K, reserved 552960K
  class space    used 11397K, committed 12480K, reserved 421888K
}
Event: 24.916 GC heap after
{Heap after GC invocations=50 (full 0):
 garbage-first heap   total 167936K, used 94538K [0x0000000080000000, 0x0000000100000000)
  region size 1024K, 1 young (1024K), 1 survivors (1024K)
 Metaspace       used 81674K, committed 83776K, reserved 552960K
  class space    used 11397K, committed 12480K, reserved 421888K
}
Event: 25.586 GC heap before
{Heap before GC invocations=50 (full 0):
 garbage-first heap   total 167936K, used 134474K [0x0000000080000000, 0x0000000100000000)
  region size 1024K, 40 young (40960K), 1 survivors (1024K)
 Metaspace       used 84280K, committed 86400K, reserved 552960K
  class space    used 11842K, committed 12928K, reserved 421888K
}
Event: 25.590 GC heap after
{Heap after GC invocations=51 (full 0):
 garbage-first heap   total 319488K, used 95301K [0x0000000080000000, 0x0000000100000000)
  region size 1024K, 2 young (2048K), 2 survivors (2048K)
 Metaspace       used 84280K, committed 86400K, reserved 552960K
  class space    used 11842K, committed 12928K, reserved 421888K
}
Event: 28.184 GC heap before
{Heap before GC invocations=51 (full 0):
 garbage-first heap   total 319488K, used 249925K [0x0000000080000000, 0x0000000100000000)
  region size 1024K, 148 young (151552K), 2 survivors (2048K)
 Metaspace       used 90263K, committed 92544K, reserved 552960K
  class space    used 12736K, committed 13888K, reserved 421888K
}
Event: 28.198 GC heap after
{Heap after GC invocations=52 (full 0):
 garbage-first heap   total 319488K, used 117251K [0x0000000080000000, 0x0000000100000000)
  region size 1024K, 19 young (19456K), 19 survivors (19456K)
 Metaspace       used 90263K, committed 92544K, reserved 552960K
  class space    used 12736K, committed 13888K, reserved 421888K
}
Event: 30.783 GC heap before
{Heap before GC invocations=52 (full 0):
 garbage-first heap   total 319488K, used 241155K [0x0000000080000000, 0x0000000100000000)
  region size 1024K, 138 young (141312K), 19 survivors (19456K)
 Metaspace       used 95100K, committed 97472K, reserved 552960K
  class space    used 13349K, committed 14592K, reserved 421888K
}
Event: 30.802 GC heap after
{Heap after GC invocations=53 (full 0):
 garbage-first heap   total 319488K, used 138317K [0x0000000080000000, 0x0000000100000000)
  region size 1024K, 18 young (18432K), 18 survivors (18432K)
 Metaspace       used 95100K, committed 97472K, reserved 552960K
  class space    used 13349K, committed 14592K, reserved 421888K
}
Event: 32.915 GC heap before
{Heap before GC invocations=53 (full 0):
 garbage-first heap   total 319488K, used 243789K [0x0000000080000000, 0x0000000100000000)
  region size 1024K, 121 young (123904K), 18 survivors (18432K)
 Metaspace       used 100426K, committed 102784K, reserved 552960K
  class space    used 14004K, committed 15232K, reserved 421888K
}
Event: 32.930 GC heap after
{Heap after GC invocations=54 (full 0):
 garbage-first heap   total 319488K, used 148413K [0x0000000080000000, 0x0000000100000000)
  region size 1024K, 10 young (10240K), 10 survivors (10240K)
 Metaspace       used 100426K, committed 102784K, reserved 552960K
  class space    used 14004K, committed 15232K, reserved 421888K
}
Event: 34.836 GC heap before
{Heap before GC invocations=54 (full 0):
 garbage-first heap   total 319488K, used 250813K [0x0000000080000000, 0x0000000100000000)
  region size 1024K, 110 young (112640K), 10 survivors (10240K)
 Metaspace       used 102362K, committed 104704K, reserved 552960K
  class space    used 14327K, committed 15552K, reserved 421888K
}
Event: 34.850 GC heap after
{Heap after GC invocations=55 (full 0):
 garbage-first heap   total 319488K, used 158153K [0x0000000080000000, 0x0000000100000000)
  region size 1024K, 10 young (10240K), 10 survivors (10240K)
 Metaspace       used 102362K, committed 104704K, reserved 552960K
  class space    used 14327K, committed 15552K, reserved 421888K
}

